2025-04-11 14:33:47 - Starting PVC synchronization from 'sawtooth-data-test-release-sawtooth-0' in namespace 'default'.
2025-04-11 14:33:47 - Synchronizing from 'sawtooth-data-test-release-sawtooth-0' to 'sawtooth-data-test-release-sawtooth-1'.
2025-04-11 14:33:47 - Attempt 1 of 10 for rsync to 'sawtooth-data-test-release-sawtooth-1'.
2025-04-11 14:33:47 - Creating temporary pod 'replication-temp-pod-sawtooth-data-test-release-sawtooth-1' in namespace 'default' using temp file '/tmp/replication-temp-pod-sawtooth-data-test-release-sawtooth-1.yaml.LmfeYl'.
2025-04-11 14:33:47 - DEBUG: Temporary YAML file content written to /tmp/replication-temp-pod-sawtooth-data-test-release-sawtooth-1.yaml.LmfeYl.
2025-04-11 14:33:47 - DEBUG: kubectl apply command finished for pod 'replication-temp-pod-sawtooth-data-test-release-sawtooth-1'.
2025-04-11 14:33:47 - Temporary pod 'replication-temp-pod-sawtooth-data-test-release-sawtooth-1' creation command submitted.
2025-04-11 14:33:47 - DEBUG: About to call wait_for_pod for replication-temp-pod-sawtooth-data-test-release-sawtooth-1...
2025-04-11 14:33:47 - Waiting for pod 'replication-temp-pod-sawtooth-data-test-release-sawtooth-1' to complete (Timeout: 300s). Started at 1744378427.
2025-04-11 14:33:47 - DEBUG: About to enter while loop for 'replication-temp-pod-sawtooth-data-test-release-sawtooth-1'...
2025-04-11 14:33:47 - DEBUG: Entered while loop for 'replication-temp-pod-sawtooth-data-test-release-sawtooth-1'.
2025-04-11 14:33:47 - Polling pod status for 'replication-temp-pod-sawtooth-data-test-release-sawtooth-1' using: kubectl get pod "replication-temp-pod-sawtooth-data-test-release-sawtooth-1" -n "default" -o jsonpath='{.status.phase}'
2025-04-11 14:33:47 - kubectl command finished with exit code: 0. Raw status: 'Pending'
2025-04-11 14:33:47 - Pod 'replication-temp-pod-sawtooth-data-test-release-sawtooth-1' status is 'Pending'. Waiting...
2025-04-11 14:33:52 - DEBUG: Entered while loop for 'replication-temp-pod-sawtooth-data-test-release-sawtooth-1'.
2025-04-11 14:33:52 - Polling pod status for 'replication-temp-pod-sawtooth-data-test-release-sawtooth-1' using: kubectl get pod "replication-temp-pod-sawtooth-data-test-release-sawtooth-1" -n "default" -o jsonpath='{.status.phase}'
2025-04-11 14:33:52 - kubectl command finished with exit code: 0. Raw status: 'Pending'
2025-04-11 14:33:52 - Pod 'replication-temp-pod-sawtooth-data-test-release-sawtooth-1' status is 'Pending'. Waiting...
2025-04-11 14:33:57 - DEBUG: Entered while loop for 'replication-temp-pod-sawtooth-data-test-release-sawtooth-1'.
2025-04-11 14:33:57 - Polling pod status for 'replication-temp-pod-sawtooth-data-test-release-sawtooth-1' using: kubectl get pod "replication-temp-pod-sawtooth-data-test-release-sawtooth-1" -n "default" -o jsonpath='{.status.phase}'
2025-04-11 14:33:57 - kubectl command finished with exit code: 0. Raw status: 'Succeeded'
2025-04-11 14:33:57 - Pod 'replication-temp-pod-sawtooth-data-test-release-sawtooth-1' succeeded.
2025-04-11 14:33:57 - Rsync succeeded on attempt 1 for 'sawtooth-data-test-release-sawtooth-1'.
2025-04-11 14:33:57 - Deleting temporary pod 'replication-temp-pod-sawtooth-data-test-release-sawtooth-1' in namespace 'default'.
2025-04-11 14:33:57 - Temporary pod 'replication-temp-pod-sawtooth-data-test-release-sawtooth-1' deleted.
2025-04-11 14:33:57 - --------------------------------------------
2025-04-11 14:33:57 - Synchronizing from 'sawtooth-data-test-release-sawtooth-0' to 'sawtooth-data-test-release-sawtooth-2'.
2025-04-11 14:33:57 - Attempt 1 of 10 for rsync to 'sawtooth-data-test-release-sawtooth-2'.
2025-04-11 14:33:57 - Creating temporary pod 'replication-temp-pod-sawtooth-data-test-release-sawtooth-2' in namespace 'default' using temp file '/tmp/replication-temp-pod-sawtooth-data-test-release-sawtooth-2.yaml.OK03ol'.
2025-04-11 14:33:57 - DEBUG: Temporary YAML file content written to /tmp/replication-temp-pod-sawtooth-data-test-release-sawtooth-2.yaml.OK03ol.
2025-04-11 14:33:58 - DEBUG: kubectl apply command finished for pod 'replication-temp-pod-sawtooth-data-test-release-sawtooth-2'.
2025-04-11 14:33:58 - Temporary pod 'replication-temp-pod-sawtooth-data-test-release-sawtooth-2' creation command submitted.
2025-04-11 14:33:58 - DEBUG: About to call wait_for_pod for replication-temp-pod-sawtooth-data-test-release-sawtooth-2...
2025-04-11 14:33:58 - Waiting for pod 'replication-temp-pod-sawtooth-data-test-release-sawtooth-2' to complete (Timeout: 300s). Started at 1744378438.
2025-04-11 14:33:58 - DEBUG: About to enter while loop for 'replication-temp-pod-sawtooth-data-test-release-sawtooth-2'...
2025-04-11 14:33:58 - DEBUG: Entered while loop for 'replication-temp-pod-sawtooth-data-test-release-sawtooth-2'.
2025-04-11 14:33:58 - Polling pod status for 'replication-temp-pod-sawtooth-data-test-release-sawtooth-2' using: kubectl get pod "replication-temp-pod-sawtooth-data-test-release-sawtooth-2" -n "default" -o jsonpath='{.status.phase}'
2025-04-11 14:33:58 - kubectl command finished with exit code: 0. Raw status: 'Pending'
2025-04-11 14:33:58 - Pod 'replication-temp-pod-sawtooth-data-test-release-sawtooth-2' status is 'Pending'. Waiting...
2025-04-11 14:34:03 - DEBUG: Entered while loop for 'replication-temp-pod-sawtooth-data-test-release-sawtooth-2'.
2025-04-11 14:34:03 - Polling pod status for 'replication-temp-pod-sawtooth-data-test-release-sawtooth-2' using: kubectl get pod "replication-temp-pod-sawtooth-data-test-release-sawtooth-2" -n "default" -o jsonpath='{.status.phase}'
2025-04-11 14:34:03 - kubectl command finished with exit code: 0. Raw status: 'Running'
2025-04-11 14:34:03 - Pod 'replication-temp-pod-sawtooth-data-test-release-sawtooth-2' status is 'Running'. Waiting...
2025-04-11 14:34:08 - DEBUG: Entered while loop for 'replication-temp-pod-sawtooth-data-test-release-sawtooth-2'.
2025-04-11 14:34:08 - Polling pod status for 'replication-temp-pod-sawtooth-data-test-release-sawtooth-2' using: kubectl get pod "replication-temp-pod-sawtooth-data-test-release-sawtooth-2" -n "default" -o jsonpath='{.status.phase}'
2025-04-11 14:34:08 - kubectl command finished with exit code: 0. Raw status: 'Running'
2025-04-11 14:34:08 - Pod 'replication-temp-pod-sawtooth-data-test-release-sawtooth-2' status is 'Running'. Waiting...
2025-04-11 14:34:13 - DEBUG: Entered while loop for 'replication-temp-pod-sawtooth-data-test-release-sawtooth-2'.
2025-04-11 14:34:13 - Polling pod status for 'replication-temp-pod-sawtooth-data-test-release-sawtooth-2' using: kubectl get pod "replication-temp-pod-sawtooth-data-test-release-sawtooth-2" -n "default" -o jsonpath='{.status.phase}'
2025-04-11 14:34:13 - kubectl command finished with exit code: 0. Raw status: 'Running'
2025-04-11 14:34:13 - Pod 'replication-temp-pod-sawtooth-data-test-release-sawtooth-2' status is 'Running'. Waiting...
2025-04-11 14:34:18 - DEBUG: Entered while loop for 'replication-temp-pod-sawtooth-data-test-release-sawtooth-2'.
2025-04-11 14:34:18 - Polling pod status for 'replication-temp-pod-sawtooth-data-test-release-sawtooth-2' using: kubectl get pod "replication-temp-pod-sawtooth-data-test-release-sawtooth-2" -n "default" -o jsonpath='{.status.phase}'
2025-04-11 14:34:18 - kubectl command finished with exit code: 0. Raw status: 'Running'
2025-04-11 14:34:18 - Pod 'replication-temp-pod-sawtooth-data-test-release-sawtooth-2' status is 'Running'. Waiting...
2025-04-11 14:34:23 - DEBUG: Entered while loop for 'replication-temp-pod-sawtooth-data-test-release-sawtooth-2'.
2025-04-11 14:34:23 - Polling pod status for 'replication-temp-pod-sawtooth-data-test-release-sawtooth-2' using: kubectl get pod "replication-temp-pod-sawtooth-data-test-release-sawtooth-2" -n "default" -o jsonpath='{.status.phase}'
2025-04-11 14:34:23 - kubectl command finished with exit code: 0. Raw status: 'Running'
2025-04-11 14:34:23 - Pod 'replication-temp-pod-sawtooth-data-test-release-sawtooth-2' status is 'Running'. Waiting...
2025-04-11 14:34:28 - DEBUG: Entered while loop for 'replication-temp-pod-sawtooth-data-test-release-sawtooth-2'.
2025-04-11 14:34:28 - Polling pod status for 'replication-temp-pod-sawtooth-data-test-release-sawtooth-2' using: kubectl get pod "replication-temp-pod-sawtooth-data-test-release-sawtooth-2" -n "default" -o jsonpath='{.status.phase}'
2025-04-11 14:34:28 - kubectl command finished with exit code: 0. Raw status: 'Running'
2025-04-11 14:34:28 - Pod 'replication-temp-pod-sawtooth-data-test-release-sawtooth-2' status is 'Running'. Waiting...
2025-04-11 14:34:33 - DEBUG: Entered while loop for 'replication-temp-pod-sawtooth-data-test-release-sawtooth-2'.
2025-04-11 14:34:33 - Polling pod status for 'replication-temp-pod-sawtooth-data-test-release-sawtooth-2' using: kubectl get pod "replication-temp-pod-sawtooth-data-test-release-sawtooth-2" -n "default" -o jsonpath='{.status.phase}'
2025-04-11 14:34:34 - kubectl command finished with exit code: 0. Raw status: 'Running'
2025-04-11 14:34:34 - Pod 'replication-temp-pod-sawtooth-data-test-release-sawtooth-2' status is 'Running'. Waiting...
2025-04-11 14:34:39 - DEBUG: Entered while loop for 'replication-temp-pod-sawtooth-data-test-release-sawtooth-2'.
2025-04-11 14:34:39 - Polling pod status for 'replication-temp-pod-sawtooth-data-test-release-sawtooth-2' using: kubectl get pod "replication-temp-pod-sawtooth-data-test-release-sawtooth-2" -n "default" -o jsonpath='{.status.phase}'
2025-04-11 14:34:39 - kubectl command finished with exit code: 0. Raw status: 'Running'
2025-04-11 14:34:39 - Pod 'replication-temp-pod-sawtooth-data-test-release-sawtooth-2' status is 'Running'. Waiting...
2025-04-11 14:34:44 - DEBUG: Entered while loop for 'replication-temp-pod-sawtooth-data-test-release-sawtooth-2'.
2025-04-11 14:34:44 - Polling pod status for 'replication-temp-pod-sawtooth-data-test-release-sawtooth-2' using: kubectl get pod "replication-temp-pod-sawtooth-data-test-release-sawtooth-2" -n "default" -o jsonpath='{.status.phase}'
2025-04-11 14:34:44 - kubectl command finished with exit code: 0. Raw status: 'Running'
2025-04-11 14:34:44 - Pod 'replication-temp-pod-sawtooth-data-test-release-sawtooth-2' status is 'Running'. Waiting...
2025-04-11 14:34:49 - DEBUG: Entered while loop for 'replication-temp-pod-sawtooth-data-test-release-sawtooth-2'.
2025-04-11 14:34:49 - Polling pod status for 'replication-temp-pod-sawtooth-data-test-release-sawtooth-2' using: kubectl get pod "replication-temp-pod-sawtooth-data-test-release-sawtooth-2" -n "default" -o jsonpath='{.status.phase}'
2025-04-11 14:34:49 - kubectl command finished with exit code: 0. Raw status: 'Running'
2025-04-11 14:34:49 - Pod 'replication-temp-pod-sawtooth-data-test-release-sawtooth-2' status is 'Running'. Waiting...
2025-04-11 14:34:54 - DEBUG: Entered while loop for 'replication-temp-pod-sawtooth-data-test-release-sawtooth-2'.
2025-04-11 14:34:54 - Polling pod status for 'replication-temp-pod-sawtooth-data-test-release-sawtooth-2' using: kubectl get pod "replication-temp-pod-sawtooth-data-test-release-sawtooth-2" -n "default" -o jsonpath='{.status.phase}'
2025-04-11 14:34:54 - kubectl command finished with exit code: 0. Raw status: 'Running'
2025-04-11 14:34:54 - Pod 'replication-temp-pod-sawtooth-data-test-release-sawtooth-2' status is 'Running'. Waiting...
2025-04-11 14:34:59 - DEBUG: Entered while loop for 'replication-temp-pod-sawtooth-data-test-release-sawtooth-2'.
2025-04-11 14:34:59 - Polling pod status for 'replication-temp-pod-sawtooth-data-test-release-sawtooth-2' using: kubectl get pod "replication-temp-pod-sawtooth-data-test-release-sawtooth-2" -n "default" -o jsonpath='{.status.phase}'
2025-04-11 14:34:59 - kubectl command finished with exit code: 0. Raw status: 'Running'
2025-04-11 14:34:59 - Pod 'replication-temp-pod-sawtooth-data-test-release-sawtooth-2' status is 'Running'. Waiting...
2025-04-11 14:35:04 - DEBUG: Entered while loop for 'replication-temp-pod-sawtooth-data-test-release-sawtooth-2'.
2025-04-11 14:35:04 - Polling pod status for 'replication-temp-pod-sawtooth-data-test-release-sawtooth-2' using: kubectl get pod "replication-temp-pod-sawtooth-data-test-release-sawtooth-2" -n "default" -o jsonpath='{.status.phase}'
2025-04-11 14:35:04 - kubectl command finished with exit code: 0. Raw status: 'Running'
2025-04-11 14:35:04 - Pod 'replication-temp-pod-sawtooth-data-test-release-sawtooth-2' status is 'Running'. Waiting...
2025-04-11 14:35:09 - DEBUG: Entered while loop for 'replication-temp-pod-sawtooth-data-test-release-sawtooth-2'.
2025-04-11 14:35:09 - Polling pod status for 'replication-temp-pod-sawtooth-data-test-release-sawtooth-2' using: kubectl get pod "replication-temp-pod-sawtooth-data-test-release-sawtooth-2" -n "default" -o jsonpath='{.status.phase}'
2025-04-11 14:35:10 - kubectl command finished with exit code: 0. Raw status: 'Running'
2025-04-11 14:35:10 - Pod 'replication-temp-pod-sawtooth-data-test-release-sawtooth-2' status is 'Running'. Waiting...
2025-04-11 14:35:15 - DEBUG: Entered while loop for 'replication-temp-pod-sawtooth-data-test-release-sawtooth-2'.
2025-04-11 14:35:15 - Polling pod status for 'replication-temp-pod-sawtooth-data-test-release-sawtooth-2' using: kubectl get pod "replication-temp-pod-sawtooth-data-test-release-sawtooth-2" -n "default" -o jsonpath='{.status.phase}'
2025-04-11 14:35:15 - kubectl command finished with exit code: 0. Raw status: 'Running'
2025-04-11 14:35:15 - Pod 'replication-temp-pod-sawtooth-data-test-release-sawtooth-2' status is 'Running'. Waiting...
2025-04-11 14:35:20 - DEBUG: Entered while loop for 'replication-temp-pod-sawtooth-data-test-release-sawtooth-2'.
2025-04-11 14:35:20 - Polling pod status for 'replication-temp-pod-sawtooth-data-test-release-sawtooth-2' using: kubectl get pod "replication-temp-pod-sawtooth-data-test-release-sawtooth-2" -n "default" -o jsonpath='{.status.phase}'
2025-04-11 14:35:20 - kubectl command finished with exit code: 0. Raw status: 'Running'
2025-04-11 14:35:20 - Pod 'replication-temp-pod-sawtooth-data-test-release-sawtooth-2' status is 'Running'. Waiting...
2025-04-11 14:35:25 - DEBUG: Entered while loop for 'replication-temp-pod-sawtooth-data-test-release-sawtooth-2'.
2025-04-11 14:35:25 - Polling pod status for 'replication-temp-pod-sawtooth-data-test-release-sawtooth-2' using: kubectl get pod "replication-temp-pod-sawtooth-data-test-release-sawtooth-2" -n "default" -o jsonpath='{.status.phase}'
2025-04-11 14:35:25 - kubectl command finished with exit code: 0. Raw status: 'Running'
2025-04-11 14:35:25 - Pod 'replication-temp-pod-sawtooth-data-test-release-sawtooth-2' status is 'Running'. Waiting...
2025-04-11 14:35:30 - DEBUG: Entered while loop for 'replication-temp-pod-sawtooth-data-test-release-sawtooth-2'.
2025-04-11 14:35:30 - Polling pod status for 'replication-temp-pod-sawtooth-data-test-release-sawtooth-2' using: kubectl get pod "replication-temp-pod-sawtooth-data-test-release-sawtooth-2" -n "default" -o jsonpath='{.status.phase}'
2025-04-11 14:35:30 - kubectl command finished with exit code: 0. Raw status: 'Running'
2025-04-11 14:35:30 - Pod 'replication-temp-pod-sawtooth-data-test-release-sawtooth-2' status is 'Running'. Waiting...
2025-04-15 15:12:24 - Starting PVC synchronization from 'sawtooth-data-test-release-sawtooth-0' in namespace 'default'.
2025-04-15 15:12:24 - Synchronizing from 'sawtooth-data-test-release-sawtooth-0' to 'sawtooth-data-test-release-sawtooth-3'.
2025-04-15 15:12:24 - Attempt 1 of 10 for rsync to 'sawtooth-data-test-release-sawtooth-3'.
2025-04-15 15:12:24 - Creating temporary pod 'replication-temp-pod-sawtooth-data-test-release-sawtooth-3' in namespace 'default'.
2025-04-15 15:12:25 - Temporary pod 'replication-temp-pod-sawtooth-data-test-release-sawtooth-3' creation command submitted.
2025-04-15 15:12:25 - Waiting for pod 'replication-temp-pod-sawtooth-data-test-release-sawtooth-3' to complete (Timeout: 300s). Started at 1744726345.
2025-04-15 15:12:25 - Polling pod status for 'replication-temp-pod-sawtooth-data-test-release-sawtooth-3' using: kubectl get pod "replication-temp-pod-sawtooth-data-test-release-sawtooth-3" -n "default" -o jsonpath='{.status.phase}'
2025-04-15 15:12:25 - Pod 'replication-temp-pod-sawtooth-data-test-release-sawtooth-3' status is 'Pending'. Waiting...
2025-04-15 15:12:30 - Polling pod status for 'replication-temp-pod-sawtooth-data-test-release-sawtooth-3' using: kubectl get pod "replication-temp-pod-sawtooth-data-test-release-sawtooth-3" -n "default" -o jsonpath='{.status.phase}'
2025-04-15 15:12:30 - Pod 'replication-temp-pod-sawtooth-data-test-release-sawtooth-3' status is 'Pending'. Waiting...
2025-04-15 15:12:35 - Polling pod status for 'replication-temp-pod-sawtooth-data-test-release-sawtooth-3' using: kubectl get pod "replication-temp-pod-sawtooth-data-test-release-sawtooth-3" -n "default" -o jsonpath='{.status.phase}'
2025-04-15 15:12:35 - Pod 'replication-temp-pod-sawtooth-data-test-release-sawtooth-3' status is 'Running'. Waiting...
2025-04-15 15:12:40 - Polling pod status for 'replication-temp-pod-sawtooth-data-test-release-sawtooth-3' using: kubectl get pod "replication-temp-pod-sawtooth-data-test-release-sawtooth-3" -n "default" -o jsonpath='{.status.phase}'
2025-04-15 15:12:41 - Pod 'replication-temp-pod-sawtooth-data-test-release-sawtooth-3' status is 'Running'. Waiting...
2025-04-15 15:12:46 - Polling pod status for 'replication-temp-pod-sawtooth-data-test-release-sawtooth-3' using: kubectl get pod "replication-temp-pod-sawtooth-data-test-release-sawtooth-3" -n "default" -o jsonpath='{.status.phase}'
2025-04-15 15:12:46 - Pod 'replication-temp-pod-sawtooth-data-test-release-sawtooth-3' status is 'Running'. Waiting...
2025-04-15 15:12:51 - Polling pod status for 'replication-temp-pod-sawtooth-data-test-release-sawtooth-3' using: kubectl get pod "replication-temp-pod-sawtooth-data-test-release-sawtooth-3" -n "default" -o jsonpath='{.status.phase}'
2025-04-15 15:12:52 - Pod 'replication-temp-pod-sawtooth-data-test-release-sawtooth-3' status is 'Running'. Waiting...
2025-04-15 15:12:57 - Polling pod status for 'replication-temp-pod-sawtooth-data-test-release-sawtooth-3' using: kubectl get pod "replication-temp-pod-sawtooth-data-test-release-sawtooth-3" -n "default" -o jsonpath='{.status.phase}'
2025-04-15 15:12:57 - Pod 'replication-temp-pod-sawtooth-data-test-release-sawtooth-3' status is 'Running'. Waiting...
2025-04-15 15:13:02 - Polling pod status for 'replication-temp-pod-sawtooth-data-test-release-sawtooth-3' using: kubectl get pod "replication-temp-pod-sawtooth-data-test-release-sawtooth-3" -n "default" -o jsonpath='{.status.phase}'
2025-04-15 15:13:02 - Pod 'replication-temp-pod-sawtooth-data-test-release-sawtooth-3' status is 'Running'. Waiting...
2025-04-15 15:13:07 - Polling pod status for 'replication-temp-pod-sawtooth-data-test-release-sawtooth-3' using: kubectl get pod "replication-temp-pod-sawtooth-data-test-release-sawtooth-3" -n "default" -o jsonpath='{.status.phase}'
2025-04-15 15:13:07 - Pod 'replication-temp-pod-sawtooth-data-test-release-sawtooth-3' status is 'Running'. Waiting...
2025-04-15 15:13:12 - Polling pod status for 'replication-temp-pod-sawtooth-data-test-release-sawtooth-3' using: kubectl get pod "replication-temp-pod-sawtooth-data-test-release-sawtooth-3" -n "default" -o jsonpath='{.status.phase}'
2025-04-15 15:13:12 - Pod 'replication-temp-pod-sawtooth-data-test-release-sawtooth-3' status is 'Running'. Waiting...
2025-04-15 15:13:17 - Polling pod status for 'replication-temp-pod-sawtooth-data-test-release-sawtooth-3' using: kubectl get pod "replication-temp-pod-sawtooth-data-test-release-sawtooth-3" -n "default" -o jsonpath='{.status.phase}'
2025-04-15 15:13:18 - Pod 'replication-temp-pod-sawtooth-data-test-release-sawtooth-3' status is 'Running'. Waiting...
2025-04-15 15:13:23 - Polling pod status for 'replication-temp-pod-sawtooth-data-test-release-sawtooth-3' using: kubectl get pod "replication-temp-pod-sawtooth-data-test-release-sawtooth-3" -n "default" -o jsonpath='{.status.phase}'
2025-04-15 15:13:23 - Pod 'replication-temp-pod-sawtooth-data-test-release-sawtooth-3' status is 'Running'. Waiting...
2025-04-15 15:13:28 - Polling pod status for 'replication-temp-pod-sawtooth-data-test-release-sawtooth-3' using: kubectl get pod "replication-temp-pod-sawtooth-data-test-release-sawtooth-3" -n "default" -o jsonpath='{.status.phase}'
2025-04-15 15:13:28 - Pod 'replication-temp-pod-sawtooth-data-test-release-sawtooth-3' status is 'Running'. Waiting...
2025-04-15 15:13:33 - Polling pod status for 'replication-temp-pod-sawtooth-data-test-release-sawtooth-3' using: kubectl get pod "replication-temp-pod-sawtooth-data-test-release-sawtooth-3" -n "default" -o jsonpath='{.status.phase}'
2025-04-15 15:13:33 - Pod 'replication-temp-pod-sawtooth-data-test-release-sawtooth-3' status is 'Running'. Waiting...
2025-04-15 15:15:33 - Starting PVC synchronization from 'sawtooth-data-test-release-sawtooth-0' in namespace 'default'.
2025-04-15 15:15:33 - Synchronizing from 'sawtooth-data-test-release-sawtooth-0' to 'sawtooth-data-test-release-sawtooth-3'.
2025-04-15 15:15:33 - Attempt 1 of 10 for rsync to 'sawtooth-data-test-release-sawtooth-3'.
2025-04-15 15:15:33 - Creating temporary pod 'replication-temp-pod-sawtooth-data-test-release-sawtooth-3' in namespace 'default'.
2025-04-15 15:15:34 - Temporary pod 'replication-temp-pod-sawtooth-data-test-release-sawtooth-3' creation command submitted.
2025-04-15 15:15:34 - Waiting for pod 'replication-temp-pod-sawtooth-data-test-release-sawtooth-3' to complete (Timeout: 300s). Started at 1744726534.
2025-04-15 15:15:34 - Polling pod status for 'replication-temp-pod-sawtooth-data-test-release-sawtooth-3' using: kubectl get pod "replication-temp-pod-sawtooth-data-test-release-sawtooth-3" -n "default" -o jsonpath='{.status.phase}'
2025-04-15 15:15:35 - Pod 'replication-temp-pod-sawtooth-data-test-release-sawtooth-3' status is 'Running'. Waiting...
2025-04-15 15:15:40 - Polling pod status for 'replication-temp-pod-sawtooth-data-test-release-sawtooth-3' using: kubectl get pod "replication-temp-pod-sawtooth-data-test-release-sawtooth-3" -n "default" -o jsonpath='{.status.phase}'
2025-04-15 15:15:40 - Pod 'replication-temp-pod-sawtooth-data-test-release-sawtooth-3' status is 'Running'. Waiting...
2025-04-15 15:15:45 - Polling pod status for 'replication-temp-pod-sawtooth-data-test-release-sawtooth-3' using: kubectl get pod "replication-temp-pod-sawtooth-data-test-release-sawtooth-3" -n "default" -o jsonpath='{.status.phase}'
2025-04-15 15:15:46 - Pod 'replication-temp-pod-sawtooth-data-test-release-sawtooth-3' status is 'Running'. Waiting...
2025-04-15 15:15:51 - Polling pod status for 'replication-temp-pod-sawtooth-data-test-release-sawtooth-3' using: kubectl get pod "replication-temp-pod-sawtooth-data-test-release-sawtooth-3" -n "default" -o jsonpath='{.status.phase}'
2025-04-15 15:15:52 - Pod 'replication-temp-pod-sawtooth-data-test-release-sawtooth-3' status is 'Running'. Waiting...
2025-04-15 15:15:57 - Polling pod status for 'replication-temp-pod-sawtooth-data-test-release-sawtooth-3' using: kubectl get pod "replication-temp-pod-sawtooth-data-test-release-sawtooth-3" -n "default" -o jsonpath='{.status.phase}'
2025-04-15 15:22:56 - Starting PVC synchronization from 'sawtooth-data-test-release-sawtooth-0' in namespace 'default'.
2025-04-15 15:22:56 - Synchronizing from 'sawtooth-data-test-release-sawtooth-0' to 'sawtooth-data-test-release-sawtooth-3'.
2025-04-15 15:22:56 - Attempt 1 of 10 for rsync to 'sawtooth-data-test-release-sawtooth-3'.
2025-04-15 15:22:56 - Creating temporary pod 'replication-temp-pod-sawtooth-data-test-release-sawtooth-3' in namespace 'default'.
2025-04-15 15:22:57 - Temporary pod 'replication-temp-pod-sawtooth-data-test-release-sawtooth-3' creation command submitted.
2025-04-15 15:22:57 - Waiting for pod 'replication-temp-pod-sawtooth-data-test-release-sawtooth-3' to complete (Timeout: 300s). Started at 1744726977.
2025-04-15 15:22:57 - Polling pod status for 'replication-temp-pod-sawtooth-data-test-release-sawtooth-3' using: kubectl get pod "replication-temp-pod-sawtooth-data-test-release-sawtooth-3" -n "default" -o jsonpath='{.status.phase}'
2025-04-15 15:22:57 - Pod 'replication-temp-pod-sawtooth-data-test-release-sawtooth-3' status is 'Pending'. Waiting...
2025-04-15 15:23:02 - Polling pod status for 'replication-temp-pod-sawtooth-data-test-release-sawtooth-3' using: kubectl get pod "replication-temp-pod-sawtooth-data-test-release-sawtooth-3" -n "default" -o jsonpath='{.status.phase}'
2025-04-15 15:23:02 - Pod 'replication-temp-pod-sawtooth-data-test-release-sawtooth-3' status is 'Pending'. Waiting...
2025-04-15 15:23:07 - Polling pod status for 'replication-temp-pod-sawtooth-data-test-release-sawtooth-3' using: kubectl get pod "replication-temp-pod-sawtooth-data-test-release-sawtooth-3" -n "default" -o jsonpath='{.status.phase}'
2025-04-15 15:23:07 - Pod 'replication-temp-pod-sawtooth-data-test-release-sawtooth-3' status is 'Pending'. Waiting...
2025-04-15 15:23:12 - Polling pod status for 'replication-temp-pod-sawtooth-data-test-release-sawtooth-3' using: kubectl get pod "replication-temp-pod-sawtooth-data-test-release-sawtooth-3" -n "default" -o jsonpath='{.status.phase}'
2025-04-15 15:23:12 - Pod 'replication-temp-pod-sawtooth-data-test-release-sawtooth-3' status is 'Pending'. Waiting...
2025-04-15 15:23:17 - Polling pod status for 'replication-temp-pod-sawtooth-data-test-release-sawtooth-3' using: kubectl get pod "replication-temp-pod-sawtooth-data-test-release-sawtooth-3" -n "default" -o jsonpath='{.status.phase}'
2025-04-15 15:23:18 - Pod 'replication-temp-pod-sawtooth-data-test-release-sawtooth-3' status is 'Pending'. Waiting...
2025-04-15 15:23:23 - Polling pod status for 'replication-temp-pod-sawtooth-data-test-release-sawtooth-3' using: kubectl get pod "replication-temp-pod-sawtooth-data-test-release-sawtooth-3" -n "default" -o jsonpath='{.status.phase}'
2025-04-15 15:23:23 - Pod 'replication-temp-pod-sawtooth-data-test-release-sawtooth-3' status is 'Pending'. Waiting...
2025-04-15 15:23:28 - Polling pod status for 'replication-temp-pod-sawtooth-data-test-release-sawtooth-3' using: kubectl get pod "replication-temp-pod-sawtooth-data-test-release-sawtooth-3" -n "default" -o jsonpath='{.status.phase}'
2025-04-15 15:23:28 - Pod 'replication-temp-pod-sawtooth-data-test-release-sawtooth-3' status is 'Pending'. Waiting...
2025-04-15 15:23:33 - Polling pod status for 'replication-temp-pod-sawtooth-data-test-release-sawtooth-3' using: kubectl get pod "replication-temp-pod-sawtooth-data-test-release-sawtooth-3" -n "default" -o jsonpath='{.status.phase}'
2025-04-15 15:23:33 - Pod 'replication-temp-pod-sawtooth-data-test-release-sawtooth-3' status is 'Pending'. Waiting...
2025-04-15 15:23:38 - Polling pod status for 'replication-temp-pod-sawtooth-data-test-release-sawtooth-3' using: kubectl get pod "replication-temp-pod-sawtooth-data-test-release-sawtooth-3" -n "default" -o jsonpath='{.status.phase}'
2025-04-15 15:23:38 - Pod 'replication-temp-pod-sawtooth-data-test-release-sawtooth-3' status is 'Pending'. Waiting...
2025-04-15 15:23:43 - Polling pod status for 'replication-temp-pod-sawtooth-data-test-release-sawtooth-3' using: kubectl get pod "replication-temp-pod-sawtooth-data-test-release-sawtooth-3" -n "default" -o jsonpath='{.status.phase}'
2025-04-15 15:23:44 - Pod 'replication-temp-pod-sawtooth-data-test-release-sawtooth-3' status is 'Pending'. Waiting...
2025-04-15 15:23:49 - Polling pod status for 'replication-temp-pod-sawtooth-data-test-release-sawtooth-3' using: kubectl get pod "replication-temp-pod-sawtooth-data-test-release-sawtooth-3" -n "default" -o jsonpath='{.status.phase}'
2025-04-15 15:23:49 - Pod 'replication-temp-pod-sawtooth-data-test-release-sawtooth-3' status is 'Pending'. Waiting...
2025-04-15 15:23:54 - Polling pod status for 'replication-temp-pod-sawtooth-data-test-release-sawtooth-3' using: kubectl get pod "replication-temp-pod-sawtooth-data-test-release-sawtooth-3" -n "default" -o jsonpath='{.status.phase}'
2025-04-15 15:23:55 - Pod 'replication-temp-pod-sawtooth-data-test-release-sawtooth-3' status is 'Pending'. Waiting...
2025-04-15 15:24:00 - Polling pod status for 'replication-temp-pod-sawtooth-data-test-release-sawtooth-3' using: kubectl get pod "replication-temp-pod-sawtooth-data-test-release-sawtooth-3" -n "default" -o jsonpath='{.status.phase}'
2025-04-15 15:24:00 - Pod 'replication-temp-pod-sawtooth-data-test-release-sawtooth-3' status is 'Pending'. Waiting...
2025-04-15 15:24:05 - Polling pod status for 'replication-temp-pod-sawtooth-data-test-release-sawtooth-3' using: kubectl get pod "replication-temp-pod-sawtooth-data-test-release-sawtooth-3" -n "default" -o jsonpath='{.status.phase}'
2025-04-15 15:24:05 - Pod 'replication-temp-pod-sawtooth-data-test-release-sawtooth-3' status is 'Pending'. Waiting...
2025-04-15 15:24:10 - Polling pod status for 'replication-temp-pod-sawtooth-data-test-release-sawtooth-3' using: kubectl get pod "replication-temp-pod-sawtooth-data-test-release-sawtooth-3" -n "default" -o jsonpath='{.status.phase}'
2025-04-15 15:24:11 - Pod 'replication-temp-pod-sawtooth-data-test-release-sawtooth-3' status is 'Pending'. Waiting...
2025-04-15 15:24:16 - Polling pod status for 'replication-temp-pod-sawtooth-data-test-release-sawtooth-3' using: kubectl get pod "replication-temp-pod-sawtooth-data-test-release-sawtooth-3" -n "default" -o jsonpath='{.status.phase}'
2025-04-15 15:24:16 - Pod 'replication-temp-pod-sawtooth-data-test-release-sawtooth-3' status is 'Pending'. Waiting...
2025-04-15 15:24:21 - Polling pod status for 'replication-temp-pod-sawtooth-data-test-release-sawtooth-3' using: kubectl get pod "replication-temp-pod-sawtooth-data-test-release-sawtooth-3" -n "default" -o jsonpath='{.status.phase}'
2025-04-15 15:24:21 - Pod 'replication-temp-pod-sawtooth-data-test-release-sawtooth-3' status is 'Pending'. Waiting...
2025-04-15 15:24:26 - Polling pod status for 'replication-temp-pod-sawtooth-data-test-release-sawtooth-3' using: kubectl get pod "replication-temp-pod-sawtooth-data-test-release-sawtooth-3" -n "default" -o jsonpath='{.status.phase}'
2025-04-15 15:24:26 - Pod 'replication-temp-pod-sawtooth-data-test-release-sawtooth-3' status is 'Pending'. Waiting...
2025-04-15 15:24:31 - Polling pod status for 'replication-temp-pod-sawtooth-data-test-release-sawtooth-3' using: kubectl get pod "replication-temp-pod-sawtooth-data-test-release-sawtooth-3" -n "default" -o jsonpath='{.status.phase}'
2025-04-15 15:24:32 - Pod 'replication-temp-pod-sawtooth-data-test-release-sawtooth-3' status is 'Pending'. Waiting...
2025-04-15 15:24:37 - Polling pod status for 'replication-temp-pod-sawtooth-data-test-release-sawtooth-3' using: kubectl get pod "replication-temp-pod-sawtooth-data-test-release-sawtooth-3" -n "default" -o jsonpath='{.status.phase}'
2025-04-15 15:24:37 - Pod 'replication-temp-pod-sawtooth-data-test-release-sawtooth-3' status is 'Pending'. Waiting...
2025-04-15 15:24:42 - Polling pod status for 'replication-temp-pod-sawtooth-data-test-release-sawtooth-3' using: kubectl get pod "replication-temp-pod-sawtooth-data-test-release-sawtooth-3" -n "default" -o jsonpath='{.status.phase}'
2025-04-15 15:24:42 - Pod 'replication-temp-pod-sawtooth-data-test-release-sawtooth-3' status is 'Pending'. Waiting...
2025-04-15 15:24:47 - Polling pod status for 'replication-temp-pod-sawtooth-data-test-release-sawtooth-3' using: kubectl get pod "replication-temp-pod-sawtooth-data-test-release-sawtooth-3" -n "default" -o jsonpath='{.status.phase}'
2025-04-15 15:24:47 - Pod 'replication-temp-pod-sawtooth-data-test-release-sawtooth-3' status is 'Pending'. Waiting...
2025-04-15 15:24:52 - Polling pod status for 'replication-temp-pod-sawtooth-data-test-release-sawtooth-3' using: kubectl get pod "replication-temp-pod-sawtooth-data-test-release-sawtooth-3" -n "default" -o jsonpath='{.status.phase}'
2025-04-15 15:24:53 - Pod 'replication-temp-pod-sawtooth-data-test-release-sawtooth-3' status is 'Pending'. Waiting...
2025-04-15 15:24:58 - Polling pod status for 'replication-temp-pod-sawtooth-data-test-release-sawtooth-3' using: kubectl get pod "replication-temp-pod-sawtooth-data-test-release-sawtooth-3" -n "default" -o jsonpath='{.status.phase}'
2025-04-15 15:24:58 - Pod 'replication-temp-pod-sawtooth-data-test-release-sawtooth-3' status is 'Pending'. Waiting...
2025-04-15 15:25:03 - Polling pod status for 'replication-temp-pod-sawtooth-data-test-release-sawtooth-3' using: kubectl get pod "replication-temp-pod-sawtooth-data-test-release-sawtooth-3" -n "default" -o jsonpath='{.status.phase}'
2025-04-15 15:25:03 - Pod 'replication-temp-pod-sawtooth-data-test-release-sawtooth-3' status is 'Pending'. Waiting...
2025-04-15 15:25:08 - Polling pod status for 'replication-temp-pod-sawtooth-data-test-release-sawtooth-3' using: kubectl get pod "replication-temp-pod-sawtooth-data-test-release-sawtooth-3" -n "default" -o jsonpath='{.status.phase}'
2025-04-15 15:25:08 - Pod 'replication-temp-pod-sawtooth-data-test-release-sawtooth-3' status is 'Pending'. Waiting...
2025-04-15 15:25:13 - Polling pod status for 'replication-temp-pod-sawtooth-data-test-release-sawtooth-3' using: kubectl get pod "replication-temp-pod-sawtooth-data-test-release-sawtooth-3" -n "default" -o jsonpath='{.status.phase}'
2025-04-15 15:25:13 - Pod 'replication-temp-pod-sawtooth-data-test-release-sawtooth-3' status is 'Pending'. Waiting...
2025-04-15 15:25:19 - Polling pod status for 'replication-temp-pod-sawtooth-data-test-release-sawtooth-3' using: kubectl get pod "replication-temp-pod-sawtooth-data-test-release-sawtooth-3" -n "default" -o jsonpath='{.status.phase}'
2025-04-15 15:25:19 - Pod 'replication-temp-pod-sawtooth-data-test-release-sawtooth-3' status is 'Pending'. Waiting...
2025-04-15 15:25:24 - Polling pod status for 'replication-temp-pod-sawtooth-data-test-release-sawtooth-3' using: kubectl get pod "replication-temp-pod-sawtooth-data-test-release-sawtooth-3" -n "default" -o jsonpath='{.status.phase}'
2025-04-15 15:25:24 - Pod 'replication-temp-pod-sawtooth-data-test-release-sawtooth-3' status is 'Pending'. Waiting...
2025-04-15 15:25:29 - Polling pod status for 'replication-temp-pod-sawtooth-data-test-release-sawtooth-3' using: kubectl get pod "replication-temp-pod-sawtooth-data-test-release-sawtooth-3" -n "default" -o jsonpath='{.status.phase}'
2025-04-15 15:25:29 - Pod 'replication-temp-pod-sawtooth-data-test-release-sawtooth-3' status is 'Running'. Waiting...
2025-04-15 15:25:34 - Polling pod status for 'replication-temp-pod-sawtooth-data-test-release-sawtooth-3' using: kubectl get pod "replication-temp-pod-sawtooth-data-test-release-sawtooth-3" -n "default" -o jsonpath='{.status.phase}'
2025-04-15 15:25:35 - Pod 'replication-temp-pod-sawtooth-data-test-release-sawtooth-3' status is 'Running'. Waiting...
2025-04-15 15:25:40 - Polling pod status for 'replication-temp-pod-sawtooth-data-test-release-sawtooth-3' using: kubectl get pod "replication-temp-pod-sawtooth-data-test-release-sawtooth-3" -n "default" -o jsonpath='{.status.phase}'
2025-04-15 15:25:40 - Pod 'replication-temp-pod-sawtooth-data-test-release-sawtooth-3' status is 'Running'. Waiting...
2025-04-15 15:25:45 - Polling pod status for 'replication-temp-pod-sawtooth-data-test-release-sawtooth-3' using: kubectl get pod "replication-temp-pod-sawtooth-data-test-release-sawtooth-3" -n "default" -o jsonpath='{.status.phase}'
2025-04-15 15:25:45 - Pod 'replication-temp-pod-sawtooth-data-test-release-sawtooth-3' status is 'Running'. Waiting...
2025-04-15 17:57:10 - Starting PVC synchronization from 'sawtooth-data-test-release-sawtooth-0' in namespace 'default'.
2025-04-15 17:57:10 - Synchronizing from 'sawtooth-data-test-release-sawtooth-0' to 'sawtooth-data-test-release-sawtooth-3'.
2025-04-15 17:57:10 - Attempt 1 of 10 for rsync to 'sawtooth-data-test-release-sawtooth-3'.
2025-04-15 17:57:10 - Creating temporary pod 'replication-temp-pod-sawtooth-data-test-release-sawtooth-3' in namespace 'default'.
2025-04-15 17:57:10 - Temporary pod 'replication-temp-pod-sawtooth-data-test-release-sawtooth-3' creation command submitted.
2025-04-15 17:57:10 - Waiting for pod 'replication-temp-pod-sawtooth-data-test-release-sawtooth-3' to complete (Timeout: 300s). Started at 1744736230.
2025-04-15 17:57:10 - Polling pod status for 'replication-temp-pod-sawtooth-data-test-release-sawtooth-3' using: kubectl get pod "replication-temp-pod-sawtooth-data-test-release-sawtooth-3" -n "default" -o jsonpath='{.status.phase}'
2025-04-15 17:57:10 - Pod 'replication-temp-pod-sawtooth-data-test-release-sawtooth-3' status is 'Pending'. Waiting...
2025-04-15 17:57:15 - Polling pod status for 'replication-temp-pod-sawtooth-data-test-release-sawtooth-3' using: kubectl get pod "replication-temp-pod-sawtooth-data-test-release-sawtooth-3" -n "default" -o jsonpath='{.status.phase}'
2025-04-15 17:57:15 - Pod 'replication-temp-pod-sawtooth-data-test-release-sawtooth-3' status is 'Pending'. Waiting...
2025-04-15 17:57:20 - Polling pod status for 'replication-temp-pod-sawtooth-data-test-release-sawtooth-3' using: kubectl get pod "replication-temp-pod-sawtooth-data-test-release-sawtooth-3" -n "default" -o jsonpath='{.status.phase}'
2025-04-15 17:57:20 - Pod 'replication-temp-pod-sawtooth-data-test-release-sawtooth-3' status is 'Running'. Waiting...
2025-04-15 17:57:25 - Polling pod status for 'replication-temp-pod-sawtooth-data-test-release-sawtooth-3' using: kubectl get pod "replication-temp-pod-sawtooth-data-test-release-sawtooth-3" -n "default" -o jsonpath='{.status.phase}'
2025-04-15 17:57:26 - Pod 'replication-temp-pod-sawtooth-data-test-release-sawtooth-3' status is 'Running'. Waiting...
2025-04-15 17:57:31 - Polling pod status for 'replication-temp-pod-sawtooth-data-test-release-sawtooth-3' using: kubectl get pod "replication-temp-pod-sawtooth-data-test-release-sawtooth-3" -n "default" -o jsonpath='{.status.phase}'
2025-04-15 17:57:31 - Pod 'replication-temp-pod-sawtooth-data-test-release-sawtooth-3' status is 'Running'. Waiting...
2025-04-15 17:57:36 - Polling pod status for 'replication-temp-pod-sawtooth-data-test-release-sawtooth-3' using: kubectl get pod "replication-temp-pod-sawtooth-data-test-release-sawtooth-3" -n "default" -o jsonpath='{.status.phase}'
2025-04-15 17:57:36 - Pod 'replication-temp-pod-sawtooth-data-test-release-sawtooth-3' status is 'Running'. Waiting...
2025-04-15 17:57:41 - Polling pod status for 'replication-temp-pod-sawtooth-data-test-release-sawtooth-3' using: kubectl get pod "replication-temp-pod-sawtooth-data-test-release-sawtooth-3" -n "default" -o jsonpath='{.status.phase}'
2025-04-15 17:57:41 - Pod 'replication-temp-pod-sawtooth-data-test-release-sawtooth-3' status is 'Running'. Waiting...
2025-04-15 17:57:46 - Polling pod status for 'replication-temp-pod-sawtooth-data-test-release-sawtooth-3' using: kubectl get pod "replication-temp-pod-sawtooth-data-test-release-sawtooth-3" -n "default" -o jsonpath='{.status.phase}'
2025-04-15 17:57:46 - Pod 'replication-temp-pod-sawtooth-data-test-release-sawtooth-3' status is 'Running'. Waiting...
2025-04-15 17:57:51 - Polling pod status for 'replication-temp-pod-sawtooth-data-test-release-sawtooth-3' using: kubectl get pod "replication-temp-pod-sawtooth-data-test-release-sawtooth-3" -n "default" -o jsonpath='{.status.phase}'
2025-04-15 17:57:52 - Pod 'replication-temp-pod-sawtooth-data-test-release-sawtooth-3' status is 'Running'. Waiting...
2025-04-15 17:57:57 - Polling pod status for 'replication-temp-pod-sawtooth-data-test-release-sawtooth-3' using: kubectl get pod "replication-temp-pod-sawtooth-data-test-release-sawtooth-3" -n "default" -o jsonpath='{.status.phase}'
2025-04-15 17:57:57 - Pod 'replication-temp-pod-sawtooth-data-test-release-sawtooth-3' status is 'Running'. Waiting...
2025-04-15 17:58:02 - Polling pod status for 'replication-temp-pod-sawtooth-data-test-release-sawtooth-3' using: kubectl get pod "replication-temp-pod-sawtooth-data-test-release-sawtooth-3" -n "default" -o jsonpath='{.status.phase}'
2025-04-15 17:58:03 - Pod 'replication-temp-pod-sawtooth-data-test-release-sawtooth-3' status is 'Running'. Waiting...
2025-04-15 17:58:08 - Polling pod status for 'replication-temp-pod-sawtooth-data-test-release-sawtooth-3' using: kubectl get pod "replication-temp-pod-sawtooth-data-test-release-sawtooth-3" -n "default" -o jsonpath='{.status.phase}'
2025-04-15 17:58:09 - Pod 'replication-temp-pod-sawtooth-data-test-release-sawtooth-3' status is 'Running'. Waiting...
2025-04-15 17:58:14 - Polling pod status for 'replication-temp-pod-sawtooth-data-test-release-sawtooth-3' using: kubectl get pod "replication-temp-pod-sawtooth-data-test-release-sawtooth-3" -n "default" -o jsonpath='{.status.phase}'
2025-04-15 17:58:15 - Pod 'replication-temp-pod-sawtooth-data-test-release-sawtooth-3' status is 'Running'. Waiting...
2025-04-15 17:58:20 - Polling pod status for 'replication-temp-pod-sawtooth-data-test-release-sawtooth-3' using: kubectl get pod "replication-temp-pod-sawtooth-data-test-release-sawtooth-3" -n "default" -o jsonpath='{.status.phase}'
2025-04-15 17:58:21 - Pod 'replication-temp-pod-sawtooth-data-test-release-sawtooth-3' status is 'Running'. Waiting...
2025-04-15 17:58:26 - Polling pod status for 'replication-temp-pod-sawtooth-data-test-release-sawtooth-3' using: kubectl get pod "replication-temp-pod-sawtooth-data-test-release-sawtooth-3" -n "default" -o jsonpath='{.status.phase}'
2025-04-15 17:58:26 - Pod 'replication-temp-pod-sawtooth-data-test-release-sawtooth-3' status is 'Running'. Waiting...
2025-04-15 17:58:32 - Polling pod status for 'replication-temp-pod-sawtooth-data-test-release-sawtooth-3' using: kubectl get pod "replication-temp-pod-sawtooth-data-test-release-sawtooth-3" -n "default" -o jsonpath='{.status.phase}'
2025-04-15 17:58:33 - Pod 'replication-temp-pod-sawtooth-data-test-release-sawtooth-3' status is 'Running'. Waiting...
2025-04-15 18:00:02 - Starting PVC synchronization from 'sawtooth-data-test-release-sawtooth-0' in namespace 'default'.
2025-04-15 18:00:02 - Synchronizing from 'sawtooth-data-test-release-sawtooth-0' to 'sawtooth-data-test-release-sawtooth-3'.
2025-04-15 18:00:02 - Attempt 1 of 10 for rsync to 'sawtooth-data-test-release-sawtooth-3'.
2025-04-15 18:00:02 - Creating temporary pod 'replication-temp-pod-sawtooth-data-test-release-sawtooth-3' in namespace 'default'.
2025-04-15 18:00:02 - Temporary pod 'replication-temp-pod-sawtooth-data-test-release-sawtooth-3' creation command submitted.
2025-04-15 18:00:02 - Waiting for pod 'replication-temp-pod-sawtooth-data-test-release-sawtooth-3' to complete (Timeout: 300s). Started at 1744736402.
2025-04-15 18:00:02 - Polling pod status for 'replication-temp-pod-sawtooth-data-test-release-sawtooth-3' using: kubectl get pod "replication-temp-pod-sawtooth-data-test-release-sawtooth-3" -n "default" -o jsonpath='{.status.phase}'
2025-04-15 18:00:03 - Pod 'replication-temp-pod-sawtooth-data-test-release-sawtooth-3' status is 'Running'. Waiting...
2025-04-15 18:00:08 - Polling pod status for 'replication-temp-pod-sawtooth-data-test-release-sawtooth-3' using: kubectl get pod "replication-temp-pod-sawtooth-data-test-release-sawtooth-3" -n "default" -o jsonpath='{.status.phase}'
2025-04-15 18:00:09 - Pod 'replication-temp-pod-sawtooth-data-test-release-sawtooth-3' status is 'Running'. Waiting...
2025-04-15 18:00:14 - Polling pod status for 'replication-temp-pod-sawtooth-data-test-release-sawtooth-3' using: kubectl get pod "replication-temp-pod-sawtooth-data-test-release-sawtooth-3" -n "default" -o jsonpath='{.status.phase}'
2025-04-15 18:00:14 - Pod 'replication-temp-pod-sawtooth-data-test-release-sawtooth-3' status is 'Running'. Waiting...
2025-04-15 18:00:19 - Polling pod status for 'replication-temp-pod-sawtooth-data-test-release-sawtooth-3' using: kubectl get pod "replication-temp-pod-sawtooth-data-test-release-sawtooth-3" -n "default" -o jsonpath='{.status.phase}'
2025-04-15 18:01:18 - Starting PVC synchronization from 'sawtooth-data-test-release-sawtooth-0' in namespace 'default'.
2025-04-15 18:01:18 - Synchronizing from 'sawtooth-data-test-release-sawtooth-0' to 'sawtooth-data-test-release-sawtooth-3'.
2025-04-15 18:01:18 - Attempt 1 of 10 for rsync to 'sawtooth-data-test-release-sawtooth-3'.
2025-04-15 18:01:18 - Creating temporary pod 'replication-temp-pod-sawtooth-data-test-release-sawtooth-3' in namespace 'default'.
2025-04-15 18:01:18 - Temporary pod 'replication-temp-pod-sawtooth-data-test-release-sawtooth-3' creation command submitted.
2025-04-15 18:01:18 - Waiting for pod 'replication-temp-pod-sawtooth-data-test-release-sawtooth-3' to complete (Timeout: 300s). Started at 1744736478.
2025-04-15 18:01:18 - Polling pod status for 'replication-temp-pod-sawtooth-data-test-release-sawtooth-3' using: kubectl get pod "replication-temp-pod-sawtooth-data-test-release-sawtooth-3" -n "default" -o jsonpath='{.status.phase}'
2025-04-15 18:01:19 - Pod 'replication-temp-pod-sawtooth-data-test-release-sawtooth-3' status is 'Pending'. Waiting...
2025-04-15 18:01:24 - Polling pod status for 'replication-temp-pod-sawtooth-data-test-release-sawtooth-3' using: kubectl get pod "replication-temp-pod-sawtooth-data-test-release-sawtooth-3" -n "default" -o jsonpath='{.status.phase}'
2025-04-15 18:01:24 - Pod 'replication-temp-pod-sawtooth-data-test-release-sawtooth-3' status is 'Pending'. Waiting...
